#! /opt/homebrew/Cellar/icarus-verilog/13.0/bin/vvp
:ivl_version "13.0 (stable)" "(v13_0)";
:ivl_delay_selection "TYPICAL";
:vpi_time_precision + 0;
:vpi_module "/opt/homebrew/Cellar/icarus-verilog/13.0/lib/ivl/system.vpi";
:vpi_module "/opt/homebrew/Cellar/icarus-verilog/13.0/lib/ivl/vhdl_sys.vpi";
:vpi_module "/opt/homebrew/Cellar/icarus-verilog/13.0/lib/ivl/vhdl_textio.vpi";
:vpi_module "/opt/homebrew/Cellar/icarus-verilog/13.0/lib/ivl/v2005_math.vpi";
:vpi_module "/opt/homebrew/Cellar/icarus-verilog/13.0/lib/ivl/va_math.vpi";
S_0x10584a430 .scope module, "mul_test" "mul_test" 2 1;
 .timescale 0 0;
v0x7b9040140_0 .net "Result", 63 0, L_0x10584d920;  1 drivers
v0x7b90401e0_0 .var "a", 31 0;
v0x7b9040280_0 .var "b", 31 0;
v0x7b9040320_0 .var "clk", 0 0;
v0x7b90403c0_0 .net "done", 0 0, L_0x10584d990;  1 drivers
v0x7b9040460_0 .var "reset", 0 0;
v0x7b9040500_0 .var "start", 0 0;
E_0x7b9034740 .event anyedge, v0x10584fb10_0;
S_0x10584a5b0 .scope module, "mul" "mul" 2 6, 3 1 0, S_0x10584a430;
 .timescale 0 0;
    .port_info 0 /INPUT 1 "clk";
    .port_info 1 /INPUT 1 "reset";
    .port_info 2 /INPUT 1 "start";
    .port_info 3 /OUTPUT 64 "Result";
    .port_info 4 /INPUT 32 "a";
    .port_info 5 /INPUT 32 "b";
    .port_info 6 /OUTPUT 1 "done";
L_0x10584d920 .functor BUFZ 64, v0x105844900_0, C4<0000000000000000000000000000000000000000000000000000000000000000>, C4<0000000000000000000000000000000000000000000000000000000000000000>, C4<0000000000000000000000000000000000000000000000000000000000000000>;
L_0x10584d990 .functor BUFZ 1, v0x10584fbb0_0, C4<0>, C4<0>, C4<0>;
v0x10584d880_0 .net "Result", 63 0, L_0x10584d920;  alias, 1 drivers
v0x105844900_0 .var "Result_in", 63 0;
v0x1058449a0_0 .net "a", 31 0, v0x7b90401e0_0;  1 drivers
v0x105844a40_0 .var "a_in", 63 0;
v0x105844ae0_0 .net "b", 31 0, v0x7b9040280_0;  1 drivers
v0x105844b80_0 .var "b_in", 63 0;
v0x10584f9d0_0 .net "clk", 0 0, v0x7b9040320_0;  1 drivers
v0x10584fa70_0 .var "count", 5 0;
v0x10584fb10_0 .net "done", 0 0, L_0x10584d990;  alias, 1 drivers
v0x10584fbb0_0 .var "done_in", 0 0;
v0x7b9040000_0 .net "reset", 0 0, v0x7b9040460_0;  1 drivers
v0x7b90400a0_0 .net "start", 0 0, v0x7b9040500_0;  1 drivers
E_0x7b9034780 .event posedge, v0x10584f9d0_0;
    .scope S_0x10584a5b0;
T_0 ;
    %pushi/vec4 32, 0, 6;
    %store/vec4 v0x10584fa70_0, 0, 6;
    %end;
    .thread T_0;
    .scope S_0x10584a5b0;
T_1 ;
    %wait E_0x7b9034780;
    %load/vec4 v0x7b9040000_0;
    %flag_set/vec4 8;
    %jmp/0xz  T_1.0, 8;
    %pushi/vec4 0, 0, 64;
    %assign/vec4 v0x105844a40_0, 0;
    %pushi/vec4 0, 0, 64;
    %assign/vec4 v0x105844b80_0, 0;
    %pushi/vec4 0, 0, 64;
    %assign/vec4 v0x105844900_0, 0;
    %pushi/vec4 32, 0, 6;
    %assign/vec4 v0x10584fa70_0, 0;
    %pushi/vec4 0, 0, 1;
    %assign/vec4 v0x10584fbb0_0, 0;
    %jmp T_1.1;
T_1.0 ;
    %load/vec4 v0x7b90400a0_0;
    %dup/vec4;
    %pushi/vec4 0, 0, 1;
    %cmp/u;
    %jmp/1 T_1.2, 6;
    %dup/vec4;
    %pushi/vec4 1, 0, 1;
    %cmp/u;
    %jmp/1 T_1.3, 6;
    %jmp T_1.4;
T_1.2 ;
    %load/vec4 v0x1058449a0_0;
    %pad/u 64;
    %assign/vec4 v0x105844a40_0, 0;
    %load/vec4 v0x105844ae0_0;
    %pad/u 64;
    %assign/vec4 v0x105844b80_0, 0;
    %pushi/vec4 0, 0, 64;
    %assign/vec4 v0x105844900_0, 0;
    %pushi/vec4 32, 0, 6;
    %assign/vec4 v0x10584fa70_0, 0;
    %pushi/vec4 0, 0, 1;
    %assign/vec4 v0x10584fbb0_0, 0;
    %jmp T_1.4;
T_1.3 ;
    %load/vec4 v0x10584fa70_0;
    %cmpi/ne 0, 0, 6;
    %jmp/0xz  T_1.5, 4;
    %load/vec4 v0x105844b80_0;
    %parti/s 1, 0, 2;
    %cmpi/e 1, 0, 1;
    %jmp/0xz  T_1.7, 4;
    %load/vec4 v0x105844900_0;
    %load/vec4 v0x105844a40_0;
    %add;
    %assign/vec4 v0x105844900_0, 0;
    %load/vec4 v0x105844b80_0;
    %ix/load 4, 1, 0;
    %flag_set/imm 4, 0;
    %shiftr 4;
    %assign/vec4 v0x105844b80_0, 0;
    %load/vec4 v0x105844a40_0;
    %ix/load 4, 1, 0;
    %flag_set/imm 4, 0;
    %shiftl 4;
    %assign/vec4 v0x105844a40_0, 0;
    %load/vec4 v0x10584fa70_0;
    %subi 1, 0, 6;
    %assign/vec4 v0x10584fa70_0, 0;
    %jmp T_1.8;
T_1.7 ;
    %load/vec4 v0x105844b80_0;
    %ix/load 4, 1, 0;
    %flag_set/imm 4, 0;
    %shiftr 4;
    %assign/vec4 v0x105844b80_0, 0;
    %load/vec4 v0x105844a40_0;
    %ix/load 4, 1, 0;
    %flag_set/imm 4, 0;
    %shiftl 4;
    %assign/vec4 v0x105844a40_0, 0;
    %load/vec4 v0x10584fa70_0;
    %subi 1, 0, 6;
    %assign/vec4 v0x10584fa70_0, 0;
T_1.8 ;
    %pushi/vec4 0, 0, 1;
    %assign/vec4 v0x10584fbb0_0, 0;
    %jmp T_1.6;
T_1.5 ;
    %pushi/vec4 1, 0, 1;
    %assign/vec4 v0x10584fbb0_0, 0;
T_1.6 ;
    %jmp T_1.4;
T_1.4 ;
    %pop/vec4 1;
T_1.1 ;
    %jmp T_1;
    .thread T_1;
    .scope S_0x10584a430;
T_2 ;
    %pushi/vec4 0, 0, 1;
    %store/vec4 v0x7b9040320_0, 0, 1;
    %end;
    .thread T_2;
    .scope S_0x10584a430;
T_3 ;
    %delay 5, 0;
    %load/vec4 v0x7b9040320_0;
    %inv;
    %store/vec4 v0x7b9040320_0, 0, 1;
    %jmp T_3;
    .thread T_3;
    .scope S_0x10584a430;
T_4 ;
    %pushi/vec4 0, 0, 32;
    %store/vec4 v0x7b90401e0_0, 0, 32;
    %pushi/vec4 0, 0, 32;
    %store/vec4 v0x7b9040280_0, 0, 32;
    %pushi/vec4 0, 0, 1;
    %store/vec4 v0x7b9040500_0, 0, 1;
    %pushi/vec4 0, 0, 1;
    %store/vec4 v0x7b9040460_0, 0, 1;
    %wait E_0x7b9034780;
    %pushi/vec4 0, 0, 1;
    %store/vec4 v0x7b9040460_0, 0, 1;
    %pushi/vec4 2, 0, 32;
    %store/vec4 v0x7b90401e0_0, 0, 32;
    %pushi/vec4 3, 0, 32;
    %store/vec4 v0x7b9040280_0, 0, 32;
    %pushi/vec4 0, 0, 1;
    %store/vec4 v0x7b9040500_0, 0, 1;
    %wait E_0x7b9034780;
    %pushi/vec4 1, 0, 1;
    %store/vec4 v0x7b9040500_0, 0, 1;
T_4.0 ;
    %load/vec4 v0x7b90403c0_0;
    %cmpi/ne 1, 0, 1;
    %jmp/0xz T_4.1, 6;
    %wait E_0x7b9034740;
    %jmp T_4.0;
T_4.1 ;
    %vpi_call 2 30 "$display", "Result = %d", v0x7b9040140_0 {0 0 0};
    %vpi_call 2 32 "$finish" {0 0 0};
    %end;
    .thread T_4;
# The file index is used to find the file name in the following table.
:file_names 4;
    "N/A";
    "<interactive>";
    "testbenches/mul_test.v";
    "src/mul.v";
